[2024-06-17 23:03:15,977] INFO [local-file-source|task-0|offsets] WorkerSourceTask{id=local-file-source-0} Committing offsets for 1 acknowledged messages (org.apache.kafka.connect.runtime.WorkerSourceTask:233)
[2024-06-17 23:06:13,822] INFO Kafka Connect stopping (org.apache.kafka.connect.runtime.Connect:67)
[2024-06-17 23:06:13,825] INFO Stopping REST server (org.apache.kafka.connect.runtime.rest.RestServer:348)
[2024-06-17 23:06:13,862] INFO Stopped http_8083@1984212d{HTTP/1.1, (http/1.1)}{0.0.0.0:8083} (org.eclipse.jetty.server.AbstractConnector:383)
[2024-06-17 23:06:13,863] INFO node0 Stopped scavenging (org.eclipse.jetty.server.session:149)
[2024-06-17 23:06:13,872] INFO Stopped o.e.j.s.ServletContextHandler@abad89c{/,null,STOPPED} (org.eclipse.jetty.server.handler.ContextHandler:1159)
[2024-06-17 23:06:13,875] INFO REST server stopped (org.apache.kafka.connect.runtime.rest.RestServer:377)
[2024-06-17 23:06:13,876] INFO Herder stopping (org.apache.kafka.connect.runtime.standalone.StandaloneHerder:115)
[2024-06-17 23:06:13,877] INFO [local-file-source|task-0] Stopping task local-file-source-0 (org.apache.kafka.connect.runtime.Worker:1009)
[2024-06-17 23:06:14,806] INFO [local-file-source|task-0] [Producer clientId=connector-producer-local-file-source-0] Closing the Kafka producer with timeoutMillis = 30000 ms. (org.apache.kafka.clients.producer.KafkaProducer:1346)
[2024-06-17 23:06:14,819] INFO [local-file-source|task-0] Metrics scheduler closed (org.apache.kafka.common.metrics.Metrics:694)
[2024-06-17 23:06:14,820] INFO [local-file-source|task-0] Closing reporter org.apache.kafka.common.metrics.JmxReporter (org.apache.kafka.common.metrics.Metrics:698)
[2024-06-17 23:06:14,821] INFO [local-file-source|task-0] Closing reporter org.apache.kafka.common.telemetry.internals.ClientTelemetryReporter (org.apache.kafka.common.metrics.Metrics:698)
[2024-06-17 23:06:14,821] INFO [local-file-source|task-0] Metrics reporters closed (org.apache.kafka.common.metrics.Metrics:704)
[2024-06-17 23:06:14,823] INFO [local-file-source|task-0] App info kafka.producer for connector-producer-local-file-source-0 unregistered (org.apache.kafka.common.utils.AppInfoParser:88)
[2024-06-17 23:06:14,832] INFO [local-file-source|worker] Stopping connector local-file-source (org.apache.kafka.connect.runtime.Worker:420)
[2024-06-17 23:06:14,833] INFO [local-file-source|worker] Scheduled shutdown for WorkerConnector{id=local-file-source} (org.apache.kafka.connect.runtime.WorkerConnector:267)
[2024-06-17 23:06:14,834] INFO [local-file-source|worker] Completed shutdown for WorkerConnector{id=local-file-source} (org.apache.kafka.connect.runtime.WorkerConnector:287)
[2024-06-17 23:06:14,837] INFO [local-file-sink|task-0] Stopping task local-file-sink-0 (org.apache.kafka.connect.runtime.Worker:1009)
[2024-06-17 23:06:14,843] INFO [local-file-sink|task-0] [Consumer clientId=connector-consumer-local-file-sink-0, groupId=connect-local-file-sink] Revoke previously assigned partitions connect-test-0 (org.apache.kafka.clients.consumer.internals.ConsumerRebalanceListenerInvoker:78)
[2024-06-17 23:06:14,843] INFO [local-file-sink|task-0] [Consumer clientId=connector-consumer-local-file-sink-0, groupId=connect-local-file-sink] Member connector-consumer-local-file-sink-0-9ee87118-6fde-4bfb-add2-801e50f277ec sending LeaveGroup request to coordinator LAPTOP-VFI72RCV.:9092 (id: 2147483647 rack: null) due to the consumer is being closed (org.apache.kafka.clients.consumer.internals.ConsumerCoordinator:1163)
[2024-06-17 23:06:14,844] INFO [local-file-sink|task-0] [Consumer clientId=connector-consumer-local-file-sink-0, groupId=connect-local-file-sink] Resetting generation and member id due to: consumer pro-actively leaving the group (org.apache.kafka.clients.consumer.internals.ConsumerCoordinator:1055)
[2024-06-17 23:06:14,845] INFO [local-file-sink|task-0] [Consumer clientId=connector-consumer-local-file-sink-0, groupId=connect-local-file-sink] Request joining group due to: consumer pro-actively leaving the group (org.apache.kafka.clients.consumer.internals.ConsumerCoordinator:1102)
[2024-06-17 23:06:15,081] INFO [local-file-sink|task-0] Metrics scheduler closed (org.apache.kafka.common.metrics.Metrics:694)
[2024-06-17 23:06:15,082] INFO [local-file-sink|task-0] Closing reporter org.apache.kafka.common.metrics.JmxReporter (org.apache.kafka.common.metrics.Metrics:698)
[2024-06-17 23:06:15,083] INFO [local-file-sink|task-0] Closing reporter org.apache.kafka.common.telemetry.internals.ClientTelemetryReporter (org.apache.kafka.common.metrics.Metrics:698)
[2024-06-17 23:06:15,084] INFO [local-file-sink|task-0] Metrics reporters closed (org.apache.kafka.common.metrics.Metrics:704)
[2024-06-17 23:06:15,094] INFO [local-file-sink|task-0] App info kafka.consumer for connector-consumer-local-file-sink-0 unregistered (org.apache.kafka.common.utils.AppInfoParser:88)
[2024-06-17 23:06:15,097] INFO [local-file-sink|worker] Stopping connector local-file-sink (org.apache.kafka.connect.runtime.Worker:420)
[2024-06-17 23:06:15,098] INFO [local-file-sink|worker] Scheduled shutdown for WorkerConnector{id=local-file-sink} (org.apache.kafka.connect.runtime.WorkerConnector:267)
[2024-06-17 23:06:15,099] INFO [local-file-sink|worker] Completed shutdown for WorkerConnector{id=local-file-sink} (org.apache.kafka.connect.runtime.WorkerConnector:287)
[2024-06-17 23:06:15,101] INFO Worker stopping (org.apache.kafka.connect.runtime.Worker:248)
[2024-06-17 23:06:15,105] INFO Stopped FileOffsetBackingStore (org.apache.kafka.connect.storage.FileOffsetBackingStore:71)
[2024-06-17 23:06:15,107] INFO Metrics scheduler closed (org.apache.kafka.common.metrics.Metrics:694)
[2024-06-17 23:06:15,108] INFO Closing reporter org.apache.kafka.common.metrics.JmxReporter (org.apache.kafka.common.metrics.Metrics:698)
[2024-06-17 23:06:15,108] INFO Metrics reporters closed (org.apache.kafka.common.metrics.Metrics:704)
[2024-06-17 23:06:15,109] INFO App info kafka.connect for 127.0.1.1:8083 unregistered (org.apache.kafka.common.utils.AppInfoParser:88)
[2024-06-17 23:06:15,109] INFO Worker stopped (org.apache.kafka.connect.runtime.Worker:269)
[2024-06-17 23:06:15,112] INFO Herder stopped (org.apache.kafka.connect.runtime.standalone.StandaloneHerder:126)
[2024-06-17 23:06:15,112] INFO Kafka Connect stopped (org.apache.kafka.connect.runtime.Connect:72)
