[2024-06-17 23:01:44,988] INFO [GroupCoordinator 0]: Dynamic member with unknown member id joins group console-consumer-844 in Empty state. Created a new member id console-consumer-53b3fdf8-2c94-443e-95cc-02d3ce354ed5 and request the member to rejoin with this id. (kafka.coordinator.group.GroupCoordinator)
[2024-06-17 23:01:45,001] INFO [GroupCoordinator 0]: Preparing to rebalance group console-consumer-844 in state PreparingRebalance with old generation 0 (__consumer_offsets-37) (reason: Adding new member console-consumer-53b3fdf8-2c94-443e-95cc-02d3ce354ed5 with group instance id None; client reason: need to re-join with the given member-id: console-consumer-53b3fdf8-2c94-443e-95cc-02d3ce354ed5) (kafka.coordinator.group.GroupCoordinator)
[2024-06-17 23:01:45,004] INFO [GroupCoordinator 0]: Stabilized group console-consumer-844 generation 1 (__consumer_offsets-37) with 1 members (kafka.coordinator.group.GroupCoordinator)
[2024-06-17 23:01:45,031] INFO [GroupCoordinator 0]: Assignment received from leader console-consumer-53b3fdf8-2c94-443e-95cc-02d3ce354ed5 for group console-consumer-844 for generation 1. The group has 1 members, 0 of which are static. (kafka.coordinator.group.GroupCoordinator)
[2024-06-17 23:06:14,695] INFO [GroupCoordinator 0]: Preparing to rebalance group console-consumer-844 in state PreparingRebalance with old generation 1 (__consumer_offsets-37) (reason: Removing member console-consumer-53b3fdf8-2c94-443e-95cc-02d3ce354ed5 on LeaveGroup; client reason: the consumer is being closed) (kafka.coordinator.group.GroupCoordinator)
[2024-06-17 23:06:14,697] INFO [GroupCoordinator 0]: Group console-consumer-844 with generation 2 is now empty (__consumer_offsets-37) (kafka.coordinator.group.GroupCoordinator)
[2024-06-17 23:06:14,702] INFO [GroupCoordinator 0]: Member MemberMetadata(memberId=console-consumer-53b3fdf8-2c94-443e-95cc-02d3ce354ed5, groupInstanceId=None, clientId=console-consumer, clientHost=/127.0.0.1, sessionTimeoutMs=45000, rebalanceTimeoutMs=300000, supportedProtocols=List(range, cooperative-sticky)) has left group console-consumer-844 through explicit `LeaveGroup`; client reason: the consumer is being closed (kafka.coordinator.group.GroupCoordinator)
[2024-06-17 23:06:14,845] INFO [GroupCoordinator 0]: Preparing to rebalance group connect-local-file-sink in state PreparingRebalance with old generation 1 (__consumer_offsets-7) (reason: Removing member connector-consumer-local-file-sink-0-9ee87118-6fde-4bfb-add2-801e50f277ec on LeaveGroup; client reason: the consumer is being closed) (kafka.coordinator.group.GroupCoordinator)
[2024-06-17 23:06:14,845] INFO [GroupCoordinator 0]: Group connect-local-file-sink with generation 2 is now empty (__consumer_offsets-7) (kafka.coordinator.group.GroupCoordinator)
[2024-06-17 23:06:14,847] INFO [GroupCoordinator 0]: Member MemberMetadata(memberId=connector-consumer-local-file-sink-0-9ee87118-6fde-4bfb-add2-801e50f277ec, groupInstanceId=None, clientId=connector-consumer-local-file-sink-0, clientHost=/127.0.0.1, sessionTimeoutMs=45000, rebalanceTimeoutMs=300000, supportedProtocols=List(range, cooperative-sticky)) has left group connect-local-file-sink through explicit `LeaveGroup`; client reason: the consumer is being closed (kafka.coordinator.group.GroupCoordinator)
[2024-06-17 23:10:24,018] INFO [GroupMetadataManager brokerId=0] Group console-consumer-844 transitioned to Dead in generation 2 (kafka.coordinator.group.GroupMetadataManager)
[2024-06-17 23:15:03,989] WARN Session 0x1000116ee410000 for server localhost/127.0.0.1:2181, Closing socket connection. Attempting reconnect except it is a SessionExpiredException. (org.apache.zookeeper.ClientCnxn)
EndOfStreamException: Unable to read additional data from server sessionid 0x1000116ee410000, likely server has closed socket
	at org.apache.zookeeper.ClientCnxnSocketNIO.doIO(ClientCnxnSocketNIO.java:77)
	at org.apache.zookeeper.ClientCnxnSocketNIO.doTransport(ClientCnxnSocketNIO.java:350)
	at org.apache.zookeeper.ClientCnxn$SendThread.run(ClientCnxn.java:1289)
[2024-06-17 23:15:04,118] INFO Terminating process due to signal SIGHUP (org.apache.kafka.common.utils.LoggingSignalHandler)
[2024-06-17 23:15:04,119] INFO Terminating process due to signal SIGHUP (org.apache.kafka.common.utils.LoggingSignalHandler)
[2024-06-17 23:15:04,126] INFO [KafkaServer id=0] shutting down (kafka.server.KafkaServer)
[2024-06-17 23:15:04,131] INFO [KafkaServer id=0] Starting controlled shutdown (kafka.server.KafkaServer)
[2024-06-17 23:15:04,180] INFO [KafkaServer id=0] Controlled shutdown request returned successfully after 31ms (kafka.server.KafkaServer)
[2024-06-17 23:15:04,187] INFO [/config/changes-event-process-thread]: Shutting down (kafka.common.ZkNodeChangeNotificationListener$ChangeEventProcessThread)
[2024-06-17 23:15:04,189] INFO [/config/changes-event-process-thread]: Stopped (kafka.common.ZkNodeChangeNotificationListener$ChangeEventProcessThread)
[2024-06-17 23:15:04,189] INFO [/config/changes-event-process-thread]: Shutdown completed (kafka.common.ZkNodeChangeNotificationListener$ChangeEventProcessThread)
[2024-06-17 23:15:04,191] INFO [SocketServer listenerType=ZK_BROKER, nodeId=0] Stopping socket server request processors (kafka.network.SocketServer)
[2024-06-17 23:15:04,208] INFO [SocketServer listenerType=ZK_BROKER, nodeId=0] Stopped socket server request processors (kafka.network.SocketServer)
[2024-06-17 23:15:04,209] INFO [data-plane Kafka Request Handler on Broker 0], shutting down (kafka.server.KafkaRequestHandlerPool)
[2024-06-17 23:15:04,213] INFO [data-plane Kafka Request Handler on Broker 0], shut down completely (kafka.server.KafkaRequestHandlerPool)
[2024-06-17 23:15:04,219] INFO [ExpirationReaper-0-AlterAcls]: Shutting down (kafka.server.DelayedOperationPurgatory$ExpiredOperationReaper)
[2024-06-17 23:15:04,220] INFO [ExpirationReaper-0-AlterAcls]: Stopped (kafka.server.DelayedOperationPurgatory$ExpiredOperationReaper)
[2024-06-17 23:15:04,220] INFO [ExpirationReaper-0-AlterAcls]: Shutdown completed (kafka.server.DelayedOperationPurgatory$ExpiredOperationReaper)
[2024-06-17 23:15:04,222] INFO [KafkaApi-0] Shutdown complete. (kafka.server.KafkaApis)
[2024-06-17 23:15:04,224] INFO [ExpirationReaper-0-topic]: Shutting down (kafka.server.DelayedOperationPurgatory$ExpiredOperationReaper)
[2024-06-17 23:15:04,225] INFO [ExpirationReaper-0-topic]: Stopped (kafka.server.DelayedOperationPurgatory$ExpiredOperationReaper)
[2024-06-17 23:15:04,225] INFO [ExpirationReaper-0-topic]: Shutdown completed (kafka.server.DelayedOperationPurgatory$ExpiredOperationReaper)
[2024-06-17 23:15:04,228] INFO [TransactionCoordinator id=0] Shutting down. (kafka.coordinator.transaction.TransactionCoordinator)
[2024-06-17 23:15:04,231] INFO [Transaction State Manager 0]: Shutdown complete (kafka.coordinator.transaction.TransactionStateManager)
[2024-06-17 23:15:04,231] INFO [TxnMarkerSenderThread-0]: Shutting down (kafka.coordinator.transaction.TransactionMarkerChannelManager)
[2024-06-17 23:15:04,232] INFO [TxnMarkerSenderThread-0]: Shutdown completed (kafka.coordinator.transaction.TransactionMarkerChannelManager)
[2024-06-17 23:15:04,232] INFO [TxnMarkerSenderThread-0]: Stopped (kafka.coordinator.transaction.TransactionMarkerChannelManager)
[2024-06-17 23:15:04,235] INFO [TransactionCoordinator id=0] Shutdown complete. (kafka.coordinator.transaction.TransactionCoordinator)
[2024-06-17 23:15:04,236] INFO [GroupCoordinator 0]: Shutting down. (kafka.coordinator.group.GroupCoordinator)
[2024-06-17 23:15:04,238] INFO [ExpirationReaper-0-Heartbeat]: Shutting down (kafka.server.DelayedOperationPurgatory$ExpiredOperationReaper)
[2024-06-17 23:15:04,239] INFO [ExpirationReaper-0-Heartbeat]: Stopped (kafka.server.DelayedOperationPurgatory$ExpiredOperationReaper)
[2024-06-17 23:15:04,239] INFO [ExpirationReaper-0-Heartbeat]: Shutdown completed (kafka.server.DelayedOperationPurgatory$ExpiredOperationReaper)
[2024-06-17 23:15:04,241] INFO [ExpirationReaper-0-Rebalance]: Shutting down (kafka.server.DelayedOperationPurgatory$ExpiredOperationReaper)
[2024-06-17 23:15:04,242] INFO [ExpirationReaper-0-Rebalance]: Stopped (kafka.server.DelayedOperationPurgatory$ExpiredOperationReaper)
[2024-06-17 23:15:04,242] INFO [ExpirationReaper-0-Rebalance]: Shutdown completed (kafka.server.DelayedOperationPurgatory$ExpiredOperationReaper)
[2024-06-17 23:15:04,244] INFO [GroupCoordinator 0]: Shutdown complete. (kafka.coordinator.group.GroupCoordinator)
[2024-06-17 23:15:04,245] INFO [ReplicaManager broker=0] Shutting down (kafka.server.ReplicaManager)
[2024-06-17 23:15:04,247] INFO [LogDirFailureHandler]: Shutting down (kafka.server.ReplicaManager$LogDirFailureHandler)
[2024-06-17 23:15:04,249] INFO [LogDirFailureHandler]: Shutdown completed (kafka.server.ReplicaManager$LogDirFailureHandler)
[2024-06-17 23:15:04,248] INFO [LogDirFailureHandler]: Stopped (kafka.server.ReplicaManager$LogDirFailureHandler)
[2024-06-17 23:15:04,250] INFO [ReplicaFetcherManager on broker 0] shutting down (kafka.server.ReplicaFetcherManager)
[2024-06-17 23:15:04,252] INFO [ReplicaFetcherManager on broker 0] shutdown completed (kafka.server.ReplicaFetcherManager)
[2024-06-17 23:15:04,253] INFO [ReplicaAlterLogDirsManager on broker 0] shutting down (kafka.server.ReplicaAlterLogDirsManager)
[2024-06-17 23:15:04,254] INFO [ReplicaAlterLogDirsManager on broker 0] shutdown completed (kafka.server.ReplicaAlterLogDirsManager)
[2024-06-17 23:15:04,254] INFO [ExpirationReaper-0-Fetch]: Shutting down (kafka.server.DelayedOperationPurgatory$ExpiredOperationReaper)
[2024-06-17 23:15:04,255] INFO [ExpirationReaper-0-Fetch]: Stopped (kafka.server.DelayedOperationPurgatory$ExpiredOperationReaper)
[2024-06-17 23:15:04,256] INFO [ExpirationReaper-0-Fetch]: Shutdown completed (kafka.server.DelayedOperationPurgatory$ExpiredOperationReaper)
[2024-06-17 23:15:04,257] INFO [ExpirationReaper-0-RemoteFetch]: Shutting down (kafka.server.DelayedOperationPurgatory$ExpiredOperationReaper)
[2024-06-17 23:15:04,259] INFO [ExpirationReaper-0-RemoteFetch]: Stopped (kafka.server.DelayedOperationPurgatory$ExpiredOperationReaper)
[2024-06-17 23:15:04,259] INFO [ExpirationReaper-0-RemoteFetch]: Shutdown completed (kafka.server.DelayedOperationPurgatory$ExpiredOperationReaper)
[2024-06-17 23:15:04,260] INFO [ExpirationReaper-0-Produce]: Shutting down (kafka.server.DelayedOperationPurgatory$ExpiredOperationReaper)
[2024-06-17 23:15:04,262] INFO [ExpirationReaper-0-Produce]: Stopped (kafka.server.DelayedOperationPurgatory$ExpiredOperationReaper)
[2024-06-17 23:15:04,262] INFO [ExpirationReaper-0-Produce]: Shutdown completed (kafka.server.DelayedOperationPurgatory$ExpiredOperationReaper)
[2024-06-17 23:15:04,263] INFO [ExpirationReaper-0-DeleteRecords]: Shutting down (kafka.server.DelayedOperationPurgatory$ExpiredOperationReaper)
[2024-06-17 23:15:04,265] INFO [ExpirationReaper-0-DeleteRecords]: Stopped (kafka.server.DelayedOperationPurgatory$ExpiredOperationReaper)
[2024-06-17 23:15:04,265] INFO [ExpirationReaper-0-DeleteRecords]: Shutdown completed (kafka.server.DelayedOperationPurgatory$ExpiredOperationReaper)
[2024-06-17 23:15:04,267] INFO [ExpirationReaper-0-ElectLeader]: Shutting down (kafka.server.DelayedOperationPurgatory$ExpiredOperationReaper)
[2024-06-17 23:15:04,268] INFO [ExpirationReaper-0-ElectLeader]: Stopped (kafka.server.DelayedOperationPurgatory$ExpiredOperationReaper)
[2024-06-17 23:15:04,268] INFO [ExpirationReaper-0-ElectLeader]: Shutdown completed (kafka.server.DelayedOperationPurgatory$ExpiredOperationReaper)
[2024-06-17 23:15:04,280] INFO [AddPartitionsToTxnSenderThread-0]: Shutting down (kafka.server.AddPartitionsToTxnManager)
[2024-06-17 23:15:04,281] INFO [AddPartitionsToTxnSenderThread-0]: Shutdown completed (kafka.server.AddPartitionsToTxnManager)
[2024-06-17 23:15:04,281] INFO [AddPartitionsToTxnSenderThread-0]: Stopped (kafka.server.AddPartitionsToTxnManager)
[2024-06-17 23:15:04,283] INFO [ReplicaManager broker=0] Shut down completely (kafka.server.ReplicaManager)
[2024-06-17 23:15:04,284] INFO [zk-broker-0-to-controller-alter-partition-channel-manager]: Shutting down (kafka.server.NodeToControllerRequestThread)
[2024-06-17 23:15:04,285] INFO [zk-broker-0-to-controller-alter-partition-channel-manager]: Stopped (kafka.server.NodeToControllerRequestThread)
[2024-06-17 23:15:04,285] INFO [zk-broker-0-to-controller-alter-partition-channel-manager]: Shutdown completed (kafka.server.NodeToControllerRequestThread)
[2024-06-17 23:15:04,288] INFO Node to controller channel manager for alter-partition shutdown (kafka.server.NodeToControllerChannelManagerImpl)
[2024-06-17 23:15:04,289] INFO [zk-broker-0-to-controller-forwarding-channel-manager]: Shutting down (kafka.server.NodeToControllerRequestThread)
[2024-06-17 23:15:04,290] INFO [zk-broker-0-to-controller-forwarding-channel-manager]: Stopped (kafka.server.NodeToControllerRequestThread)
[2024-06-17 23:15:04,290] INFO [zk-broker-0-to-controller-forwarding-channel-manager]: Shutdown completed (kafka.server.NodeToControllerRequestThread)
[2024-06-17 23:15:04,291] INFO Node to controller channel manager for forwarding shutdown (kafka.server.NodeToControllerChannelManagerImpl)
[2024-06-17 23:15:04,292] INFO Shutting down. (kafka.log.LogManager)
[2024-06-17 23:15:04,307] INFO [kafka-log-cleaner-thread-0]: Shutting down (kafka.log.LogCleaner$CleanerThread)
[2024-06-17 23:15:04,308] INFO [kafka-log-cleaner-thread-0]: Shutdown completed (kafka.log.LogCleaner$CleanerThread)
[2024-06-17 23:15:04,308] INFO [kafka-log-cleaner-thread-0]: Stopped (kafka.log.LogCleaner$CleanerThread)
[2024-06-17 23:15:04,420] INFO [ProducerStateManager partition=__consumer_offsets-37] Wrote producer snapshot at offset 3 with 0 producer ids in 4 ms. (org.apache.kafka.storage.internals.log.ProducerStateManager)
[2024-06-17 23:15:04,473] INFO [ProducerStateManager partition=connect-test-0] Wrote producer snapshot at offset 3 with 0 producer ids in 2 ms. (org.apache.kafka.storage.internals.log.ProducerStateManager)
[2024-06-17 23:15:04,512] INFO [ProducerStateManager partition=__consumer_offsets-7] Wrote producer snapshot at offset 4 with 0 producer ids in 2 ms. (org.apache.kafka.storage.internals.log.ProducerStateManager)
[2024-06-17 23:15:04,636] INFO Shutdown complete. (kafka.log.LogManager)
[2024-06-17 23:15:04,652] INFO [feature-zk-node-event-process-thread]: Shutting down (kafka.server.FinalizedFeatureChangeListener$ChangeNotificationProcessorThread)
[2024-06-17 23:15:04,653] INFO [feature-zk-node-event-process-thread]: Shutdown completed (kafka.server.FinalizedFeatureChangeListener$ChangeNotificationProcessorThread)
[2024-06-17 23:15:04,653] INFO [feature-zk-node-event-process-thread]: Stopped (kafka.server.FinalizedFeatureChangeListener$ChangeNotificationProcessorThread)
[2024-06-17 23:15:04,655] INFO [ZooKeeperClient Kafka server] Closing. (kafka.zookeeper.ZooKeeperClient)
[2024-06-17 23:15:05,767] INFO Opening socket connection to server localhost/127.0.0.1:2181. (org.apache.zookeeper.ClientCnxn)
[2024-06-17 23:15:05,872] INFO Session: 0x1000116ee410000 closed (org.apache.zookeeper.ZooKeeper)
[2024-06-17 23:15:05,873] INFO EventThread shut down for session: 0x1000116ee410000 (org.apache.zookeeper.ClientCnxn)
[2024-06-17 23:15:05,874] INFO [ZooKeeperClient Kafka server] Closed. (kafka.zookeeper.ZooKeeperClient)
[2024-06-17 23:15:05,875] INFO [ThrottledChannelReaper-Fetch]: Shutting down (kafka.server.ClientQuotaManager$ThrottledChannelReaper)
[2024-06-17 23:15:05,882] INFO [ThrottledChannelReaper-Fetch]: Stopped (kafka.server.ClientQuotaManager$ThrottledChannelReaper)
[2024-06-17 23:15:05,882] INFO [ThrottledChannelReaper-Fetch]: Shutdown completed (kafka.server.ClientQuotaManager$ThrottledChannelReaper)
[2024-06-17 23:15:05,883] INFO [ThrottledChannelReaper-Produce]: Shutting down (kafka.server.ClientQuotaManager$ThrottledChannelReaper)
[2024-06-17 23:15:05,885] INFO [ThrottledChannelReaper-Produce]: Shutdown completed (kafka.server.ClientQuotaManager$ThrottledChannelReaper)
[2024-06-17 23:15:05,885] INFO [ThrottledChannelReaper-Produce]: Stopped (kafka.server.ClientQuotaManager$ThrottledChannelReaper)
[2024-06-17 23:15:05,886] INFO [ThrottledChannelReaper-Request]: Shutting down (kafka.server.ClientQuotaManager$ThrottledChannelReaper)
[2024-06-17 23:15:05,888] INFO [ThrottledChannelReaper-Request]: Stopped (kafka.server.ClientQuotaManager$ThrottledChannelReaper)
[2024-06-17 23:15:05,888] INFO [ThrottledChannelReaper-Request]: Shutdown completed (kafka.server.ClientQuotaManager$ThrottledChannelReaper)
[2024-06-17 23:15:05,889] INFO [ThrottledChannelReaper-ControllerMutation]: Shutting down (kafka.server.ClientQuotaManager$ThrottledChannelReaper)
[2024-06-17 23:15:05,890] INFO [ThrottledChannelReaper-ControllerMutation]: Stopped (kafka.server.ClientQuotaManager$ThrottledChannelReaper)
[2024-06-17 23:15:05,890] INFO [ThrottledChannelReaper-ControllerMutation]: Shutdown completed (kafka.server.ClientQuotaManager$ThrottledChannelReaper)
[2024-06-17 23:15:05,891] INFO [SocketServer listenerType=ZK_BROKER, nodeId=0] Shutting down socket server (kafka.network.SocketServer)
[2024-06-17 23:15:05,928] INFO [SocketServer listenerType=ZK_BROKER, nodeId=0] Shutdown completed (kafka.network.SocketServer)
[2024-06-17 23:15:05,930] INFO Metrics scheduler closed (org.apache.kafka.common.metrics.Metrics)
[2024-06-17 23:15:05,930] INFO Closing reporter org.apache.kafka.common.metrics.JmxReporter (org.apache.kafka.common.metrics.Metrics)
[2024-06-17 23:15:05,931] INFO Metrics reporters closed (org.apache.kafka.common.metrics.Metrics)
[2024-06-17 23:15:05,933] INFO Broker and topic stats closed (kafka.server.BrokerTopicStats)
[2024-06-17 23:15:05,934] INFO App info kafka.server for 0 unregistered (org.apache.kafka.common.utils.AppInfoParser)
[2024-06-17 23:15:05,935] INFO [KafkaServer id=0] shut down completed (kafka.server.KafkaServer)
